<?xml version="1.0" encoding="UTF-8"?>
<!-- Generated by org.testng.reporters.JUnitReportReporter -->
<testsuite hostname="DESKTOP-347SN46" failures="0" tests="8" name="derivResponsiveTesting.ResponsiveTest" time="64.932" errors="0" timestamp="2024-09-19T14:13:17 GST" skipped="0">
  <testcase classname="derivResponsiveTesting.ResponsiveTest" name="validateResponsive" time="8.007"/>
  <system-out/>
  <testcase classname="derivResponsiveTesting.ResponsiveTest" name="validateResponsive" time="8.086"/>
  <system-out/>
  <testcase classname="derivResponsiveTesting.ResponsiveTest" name="validateResponsive" time="7.290"/>
  <system-out/>
  <testcase classname="derivResponsiveTesting.ResponsiveTest" name="validateResponsive" time="8.438"/>
  <system-out/>
  <testcase classname="derivResponsiveTesting.ResponsiveTest" name="validateResponsive" time="8.561"/>
  <system-out/>
  <testcase classname="derivResponsiveTesting.ResponsiveTest" name="validateResponsive" time="8.327"/>
  <system-out/>
  <testcase classname="derivResponsiveTesting.ResponsiveTest" name="validateResponsive" time="8.448"/>
  <system-out/>
  <testcase classname="derivResponsiveTesting.ResponsiveTest" name="validateResponsive" time="7.775"/>
  <system-out/>
</testsuite> <!-- derivResponsiveTesting.ResponsiveTest -->
